2026-03-28 15:01:31.967 - DBeaver 26.0.1.202603221810 is starting
2026-03-28 15:01:31.970 - OS: Windows 10 10.0 (amd64)
2026-03-28 15:01:31.971 - Java version: 21.0.8 by Eclipse Adoptium (64bit)
2026-03-28 15:01:31.972 - Install path: 'C:\Program Files\DBeaver'
2026-03-28 15:01:31.972 - Instance path: 'file:/C:/Users/FATTANI COMPUTERS/OneDrive/Documents/DBMS-SQL/'
2026-03-28 15:01:31.978 - Memory available 64Mb/1024Mb
2026-03-28 15:01:31.989 - Initialize desktop platform...
2026-03-28 15:01:32.883 - BounceCastle bundle found. Use JCE provider BC
> Start Core File Systems [org.eclipse.core.filesystem 1.11.400.v20251107-0507]
> Start Core Resource Management [org.eclipse.core.resources 3.23.200.v20251217-0810]
> Start Team Support Core [org.eclipse.team.core 3.10.1000.v20260112-1030]
> Start DBeaver UI Navigator [org.jkiss.dbeaver.ui.navigator 1.0.175.202603221810]
> Start JFace Text [org.eclipse.jface.text 3.30.0.v20260203-0841]
2026-03-28 15:01:33.527 - Initialize base platform...
2026-03-28 15:01:33.566 - Platform initialized (1577ms)
> Start Equinox Java Authentication and Authorization Service (JAAS) [org.eclipse.equinox.security 1.4.700.v20250622-1644]
> Start Internet Connection Management UI [org.eclipse.ui.net 1.6.0.v20251219-1227]
> Start Internet Connection Management [org.eclipse.core.net 1.5.800.v20250613-1119]
2026-03-28 15:01:33.674 - Proxy service 'org.eclipse.core.net.proxy.IProxyService' loaded
2026-03-28 15:01:33.679 - Create display
2026-03-28 15:01:34.056 - Starting instance server at http://localhost:61565
2026-03-28 15:01:34.100 - Run workbench
> Start Eclipse e4 Workbench SWT [org.eclipse.e4.ui.workbench.swt 0.18.0.v20260119-0835]
> Start Eclipse Application Services [org.eclipse.e4.core.services 2.5.300.v20251112-1253]
> Start Eclipse UI Application Services [org.eclipse.e4.ui.services 1.6.600.v20251023-1358]
> Start Eclipse e4 Progress View [org.eclipse.e4.ui.progress 0.5.0.v20251217-1052]
> Start Eclipse Bindings Support [org.eclipse.e4.ui.bindings 0.15.0.v20251216-1230]
> Start Eclipse e4 core commands [org.eclipse.e4.core.commands 1.1.700.v20250916-0927]
> Start EMF XML/XMI Persistence [org.eclipse.emf.ecore.xmi 2.40.0.v20251210-1145]
> Start Eclipse CSS SWT Theme Support [org.eclipse.e4.ui.css.swt.theme 0.15.0.v20251216-1230]
> Start Eclipse e4 Workbench Add-ons [org.eclipse.e4.ui.workbench.addons.swt 1.6.0.v20251216-1230]
> Start Eclipse e4 Workbench SWT Renderer [org.eclipse.e4.ui.workbench.renderers.swt 0.17.0.v20260131-0926]
> Start Eclipse Dependency Injection Extensions [org.eclipse.e4.core.di.extensions 0.18.300.v20240413-1529]
