2026-03-28 15:23:42.915 - DBeaver 26.0.1.202603221810 is starting
2026-03-28 15:23:42.918 - OS: Windows 10 10.0 (amd64)
2026-03-28 15:23:42.923 - Java version: 21.0.8 by Eclipse Adoptium (64bit)
2026-03-28 15:23:42.924 - Install path: 'C:\Program Files\DBeaver'
2026-03-28 15:23:42.925 - Instance path: 'file:/C:/Users/FATTANI COMPUTERS/OneDrive/Documents/DBMS-SQL/'
2026-03-28 15:23:42.931 - Memory available 120Mb/1024Mb
2026-03-28 15:23:42.958 - Initialize desktop platform...
2026-03-28 15:23:44.313 - BounceCastle bundle found. Use JCE provider BC
> Start Core File Systems [org.eclipse.core.filesystem 1.11.400.v20251107-0507]
> Start Core Resource Management [org.eclipse.core.resources 3.23.200.v20251217-0810]
> Start Team Support Core [org.eclipse.team.core 3.10.1000.v20260112-1030]
> Start DBeaver UI Navigator [org.jkiss.dbeaver.ui.navigator 1.0.175.202603221810]
> Start Debug Core [org.eclipse.debug.core 3.23.200.v20251107-0507]
> Start Equinox Java Authentication and Authorization Service (JAAS) [org.eclipse.equinox.security 1.4.700.v20250622-1644]
> Start Internet Connection Management UI [org.eclipse.ui.net 1.6.0.v20251219-1227]
> Start Internet Connection Management [org.eclipse.core.net 1.5.800.v20250613-1119]
> Start JSch Core [org.eclipse.jsch.core 1.5.700.v20250723-0831]
2026-03-28 15:23:45.583 - Initialize base platform...
2026-03-28 15:23:45.639 - Platform initialized (2679ms)
2026-03-28 15:23:45.659 - Proxy service 'org.eclipse.core.net.proxy.IProxyService' loaded
2026-03-28 15:23:45.719 - Create display
2026-03-28 15:23:46.392 - Starting instance server at http://localhost:56884
2026-03-28 15:23:46.410 - Run workbench
> Start Eclipse e4 Workbench SWT [org.eclipse.e4.ui.workbench.swt 0.18.0.v20260119-0835]
> Start Eclipse Application Services [org.eclipse.e4.core.services 2.5.300.v20251112-1253]
> Start Eclipse UI Application Services [org.eclipse.e4.ui.services 1.6.600.v20251023-1358]
> Start Eclipse e4 Progress View [org.eclipse.e4.ui.progress 0.5.0.v20251217-1052]
> Start Eclipse Bindings Support [org.eclipse.e4.ui.bindings 0.15.0.v20251216-1230]
> Start Eclipse e4 core commands [org.eclipse.e4.core.commands 1.1.700.v20250916-0927]
> Start EMF XML/XMI Persistence [org.eclipse.emf.ecore.xmi 2.40.0.v20251210-1145]
> Start Eclipse CSS SWT Theme Support [org.eclipse.e4.ui.css.swt.theme 0.15.0.v20251216-1230]
> Start Eclipse e4 Workbench Add-ons [org.eclipse.e4.ui.workbench.addons.swt 1.6.0.v20251216-1230]
> Start Eclipse e4 Workbench SWT Renderer [org.eclipse.e4.ui.workbench.renderers.swt 0.17.0.v20260131-0926]
> Start Eclipse Dependency Injection Extensions [org.eclipse.e4.core.di.extensions 0.18.300.v20240413-1529]
> Start DBeaver AI Model [org.jkiss.dbeaver.model.ai 2.0.18.202603221810]
> Start DBeaver AI UI [org.jkiss.dbeaver.ui.ai 1.0.77.202603221810]
> Start Eclipse CSS SWT Support [org.eclipse.e4.ui.css.swt 0.16.0.v20251216-1230]
> Start GEF Classic Draw2d [org.eclipse.draw2d 3.22.0.202602231721]
> Start GEF Classic GEF (MVC) [org.eclipse.gef 3.25.0.202602162234]
> Start JFace Text [org.eclipse.jface.text 3.30.0.v20260203-0841]
> Start Eclipse SDK Themes [org.eclipse.ui.themes 1.2.2900.v20250806-1940]
> Start Default Text Editor [org.eclipse.ui.editors 3.21.0.v20260218-1452]
> Start Text Editor Framework [org.eclipse.ui.workbench.texteditor 3.20.0.v20260127-1637]
2026-03-28 15:23:52.153 - Configure workbench window
> Start DBeaver SQL Model [org.jkiss.dbeaver.model.sql 1.0.165.202603221810]
2026-03-28 15:23:52.536 - Total database drivers: 128 (128)
> Start Help System Core [org.eclipse.help 3.11.0.v20251227-1159]
2026-03-28 15:23:52.752 - Create actions
2026-03-28 15:24:08.156 - Initialize workbench window
2026-03-28 15:24:08.189 - Finish initialization
> Start DBeaver UI Editors - Data [org.jkiss.dbeaver.ui.editors.data 1.0.175.202603221810]
> Start DBeaver UI Editors - SQL [org.jkiss.dbeaver.ui.editors.sql 1.0.175.202603221810]
> Start DBeaver Dashboard UI [org.jkiss.dbeaver.ui.dashboard 1.0.172.202603221810]
> Start DBeaver ERD UI [org.jkiss.dbeaver.ui.editors.erd 3.1.16.202603221810]
> Start DBeaver ERD Model [org.jkiss.dbeaver.model.erd 1.1.16.202603221810]
> Start DBeaver Sample Database [org.jkiss.dbeaver.ui.config.sample 1.0.212.202603221810]
> Start DBeaver JDBC Model [org.jkiss.dbeaver.model.jdbc 1.0.68.202603221810]
> Start DBeaver Generic Plug-in [org.jkiss.dbeaver.ext.generic 2.3.261.202603221810]
> Start DBeaver SQLite Model [org.jkiss.dbeaver.ext.sqlite 1.0.224.202603221810]
2026-03-28 15:24:24.911 - Open [https://dbeaver.io/product/version.xml]
2026-03-28 15:24:39.113 - Dispose navigator model
2026-03-28 15:24:39.486 - DBeaver is stopping
2026-03-28 15:24:39.490 - Stop instance server
2026-03-28 15:24:40.515 - DBeaver shutdown completed
2026-03-28 15:24:40.532 - Instance server has been stopped
2026-03-28 15:24:40.586 - Shutdown desktop platform...
2026-03-28 15:24:40.722 - Platform shutdown completed (135ms)
